[INFO  - 2014-03-03T03:24:50.772Z] GhostDriver - Main - running on port 4057
[INFO  - 2014-03-03T03:24:51.490Z] Session [61b3ddc0-a283-11e3-8d80-c9d3f18ee816] - CONSTRUCTOR - Desired Capabilities: {}
[INFO  - 2014-03-03T03:24:51.490Z] Session [61b3ddc0-a283-11e3-8d80-c9d3f18ee816] - CONSTRUCTOR - Negotiated Capabilities: {"browserName":"phantomjs","version":"1.9.1","driverName":"ghostdriver","driverVersion":"1.0.3","platform":"windows-7-32bit","javascriptEnabled":true,"takesScreenshot":true,"handlesAlerts":false,"databaseEnabled":false,"locationContextEnabled":false,"applicationCacheEnabled":false,"browserConnectionEnabled":false,"cssSelectorsEnabled":true,"webStorageEnabled":false,"rotatable":false,"acceptSslCerts":false,"nativeEvents":true,"proxy":{"proxyType":"direct"}}
[INFO  - 2014-03-03T03:24:51.490Z] SessionManagerReqHand - _postNewSessionCommand - New Session Created: 61b3ddc0-a283-11e3-8d80-c9d3f18ee816
[ERROR - 2014-03-03T03:24:54.329Z] RouterReqHand - _handle - Thrown => {
  "message": "Request => {\"headers\":{\"Accept\":\"application/json, image/png\",\"Cache-Control\":\"no-cache\",\"Connection\":\"Keep-Alive\",\"Host\":\"localhost:4057\"},\"httpVersion\":\"1.1\",\"method\":\"GET\",\"url\":\"/alert_text\",\"urlParsed\":{\"anchor\":\"\",\"query\":\"\",\"file\":\"alert_text\",\"directory\":\"/\",\"path\":\"/alert_text\",\"relative\":\"/alert_text\",\"port\":\"\",\"host\":\"\",\"password\":\"\",\"user\":\"\",\"userInfo\":\"\",\"authority\":\"\",\"protocol\":\"\",\"source\":\"/alert_text\",\"queryKey\":{},\"chunks\":[\"alert_text\"]},\"urlOriginal\":\"/session/61b3ddc0-a283-11e3-8d80-c9d3f18ee816/alert_text\"}",
  "name": "Invalid Command Method",
  "line": 183,
  "sourceId": 145505392,
  "sourceURL": ":/ghostdriver/request_handlers/session_request_handler.js",
  "stack": "Invalid Command Method: Request => {\"headers\":{\"Accept\":\"application/json, image/png\",\"Cache-Control\":\"no-cache\",\"Connection\":\"Keep-Alive\",\"Host\":\"localhost:4057\"},\"httpVersion\":\"1.1\",\"method\":\"GET\",\"url\":\"/alert_text\",\"urlParsed\":{\"anchor\":\"\",\"query\":\"\",\"file\":\"alert_text\",\"directory\":\"/\",\"path\":\"/alert_text\",\"relative\":\"/alert_text\",\"port\":\"\",\"host\":\"\",\"password\":\"\",\"user\":\"\",\"userInfo\":\"\",\"authority\":\"\",\"protocol\":\"\",\"source\":\"/alert_text\",\"queryKey\":{},\"chunks\":[\"alert_text\"]},\"urlOriginal\":\"/session/61b3ddc0-a283-11e3-8d80-c9d3f18ee816/alert_text\"}\n    at :/ghostdriver/request_handlers/session_request_handler.js:183\n    at :/ghostdriver/request_handlers/request_handler.js:61\n    at :/ghostdriver/request_handlers/router_request_handler.js:82",
  "stackArray": [
    {
      "sourceURL": ":/ghostdriver/request_handlers/session_request_handler.js",
      "line": 183
    },
    {
      "sourceURL": ":/ghostdriver/request_handlers/request_handler.js",
      "line": 61
    },
    {
      "sourceURL": ":/ghostdriver/request_handlers/router_request_handler.js",
      "line": 82
    }
  ]
}
[INFO  - 2014-03-03T03:24:57.840Z] ShutdownReqHand - _handle - About to shutdown
[INFO  - 2014-03-04T06:15:05.368Z] GhostDriver - Main - running on port 41150
[INFO  - 2014-03-04T06:15:05.975Z] Session [546be0e0-a364-11e3-9ff9-3979f9760836] - CONSTRUCTOR - Desired Capabilities: {}
[INFO  - 2014-03-04T06:15:05.975Z] Session [546be0e0-a364-11e3-9ff9-3979f9760836] - CONSTRUCTOR - Negotiated Capabilities: {"browserName":"phantomjs","version":"1.9.1","driverName":"ghostdriver","driverVersion":"1.0.3","platform":"windows-7-32bit","javascriptEnabled":true,"takesScreenshot":true,"handlesAlerts":false,"databaseEnabled":false,"locationContextEnabled":false,"applicationCacheEnabled":false,"browserConnectionEnabled":false,"cssSelectorsEnabled":true,"webStorageEnabled":false,"rotatable":false,"acceptSslCerts":false,"nativeEvents":true,"proxy":{"proxyType":"direct"}}
[INFO  - 2014-03-04T06:15:05.975Z] SessionManagerReqHand - _postNewSessionCommand - New Session Created: 546be0e0-a364-11e3-9ff9-3979f9760836
[ERROR - 2014-03-04T06:15:23.907Z] RouterReqHand - _handle - Thrown => {
  "message": "Request => {\"headers\":{\"Accept\":\"application/json, image/png\",\"Cache-Control\":\"no-cache\",\"Connection\":\"Keep-Alive\",\"Host\":\"localhost:41150\"},\"httpVersion\":\"1.1\",\"method\":\"GET\",\"url\":\"/alert_text\",\"urlParsed\":{\"anchor\":\"\",\"query\":\"\",\"file\":\"alert_text\",\"directory\":\"/\",\"path\":\"/alert_text\",\"relative\":\"/alert_text\",\"port\":\"\",\"host\":\"\",\"password\":\"\",\"user\":\"\",\"userInfo\":\"\",\"authority\":\"\",\"protocol\":\"\",\"source\":\"/alert_text\",\"queryKey\":{},\"chunks\":[\"alert_text\"]},\"urlOriginal\":\"/session/546be0e0-a364-11e3-9ff9-3979f9760836/alert_text\"}",
  "name": "Invalid Command Method",
  "line": 183,
  "sourceId": 145673416,
  "sourceURL": ":/ghostdriver/request_handlers/session_request_handler.js",
  "stack": "Invalid Command Method: Request => {\"headers\":{\"Accept\":\"application/json, image/png\",\"Cache-Control\":\"no-cache\",\"Connection\":\"Keep-Alive\",\"Host\":\"localhost:41150\"},\"httpVersion\":\"1.1\",\"method\":\"GET\",\"url\":\"/alert_text\",\"urlParsed\":{\"anchor\":\"\",\"query\":\"\",\"file\":\"alert_text\",\"directory\":\"/\",\"path\":\"/alert_text\",\"relative\":\"/alert_text\",\"port\":\"\",\"host\":\"\",\"password\":\"\",\"user\":\"\",\"userInfo\":\"\",\"authority\":\"\",\"protocol\":\"\",\"source\":\"/alert_text\",\"queryKey\":{},\"chunks\":[\"alert_text\"]},\"urlOriginal\":\"/session/546be0e0-a364-11e3-9ff9-3979f9760836/alert_text\"}\n    at :/ghostdriver/request_handlers/session_request_handler.js:183\n    at :/ghostdriver/request_handlers/request_handler.js:61\n    at :/ghostdriver/request_handlers/router_request_handler.js:82",
  "stackArray": [
    {
      "sourceURL": ":/ghostdriver/request_handlers/session_request_handler.js",
      "line": 183
    },
    {
      "sourceURL": ":/ghostdriver/request_handlers/request_handler.js",
      "line": 61
    },
    {
      "sourceURL": ":/ghostdriver/request_handlers/router_request_handler.js",
      "line": 82
    }
  ]
}
[INFO  - 2014-03-04T06:15:33.440Z] ShutdownReqHand - _handle - About to shutdown
[INFO  - 2014-03-04T12:13:35.097Z] GhostDriver - Main - running on port 14182
[INFO  - 2014-03-04T12:13:36.476Z] Session [69ae7670-a396-11e3-a378-83cd4e2c0caf] - CONSTRUCTOR - Desired Capabilities: {}
[INFO  - 2014-03-04T12:13:36.476Z] Session [69ae7670-a396-11e3-a378-83cd4e2c0caf] - CONSTRUCTOR - Negotiated Capabilities: {"browserName":"phantomjs","version":"1.9.1","driverName":"ghostdriver","driverVersion":"1.0.3","platform":"windows-7-32bit","javascriptEnabled":true,"takesScreenshot":true,"handlesAlerts":false,"databaseEnabled":false,"locationContextEnabled":false,"applicationCacheEnabled":false,"browserConnectionEnabled":false,"cssSelectorsEnabled":true,"webStorageEnabled":false,"rotatable":false,"acceptSslCerts":false,"nativeEvents":true,"proxy":{"proxyType":"direct"}}
[INFO  - 2014-03-04T12:13:36.476Z] SessionManagerReqHand - _postNewSessionCommand - New Session Created: 69ae7670-a396-11e3-a378-83cd4e2c0caf
[ERROR - 2014-03-04T12:13:39.543Z] RouterReqHand - _handle - Thrown => {
  "message": "Request => {\"headers\":{\"Accept\":\"application/json, image/png\",\"Cache-Control\":\"no-cache\",\"Connection\":\"Keep-Alive\",\"Host\":\"localhost:14182\"},\"httpVersion\":\"1.1\",\"method\":\"GET\",\"url\":\"/alert_text\",\"urlParsed\":{\"anchor\":\"\",\"query\":\"\",\"file\":\"alert_text\",\"directory\":\"/\",\"path\":\"/alert_text\",\"relative\":\"/alert_text\",\"port\":\"\",\"host\":\"\",\"password\":\"\",\"user\":\"\",\"userInfo\":\"\",\"authority\":\"\",\"protocol\":\"\",\"source\":\"/alert_text\",\"queryKey\":{},\"chunks\":[\"alert_text\"]},\"urlOriginal\":\"/session/69ae7670-a396-11e3-a378-83cd4e2c0caf/alert_text\"}",
  "name": "Invalid Command Method",
  "line": 183,
  "sourceId": 144938240,
  "sourceURL": ":/ghostdriver/request_handlers/session_request_handler.js",
  "stack": "Invalid Command Method: Request => {\"headers\":{\"Accept\":\"application/json, image/png\",\"Cache-Control\":\"no-cache\",\"Connection\":\"Keep-Alive\",\"Host\":\"localhost:14182\"},\"httpVersion\":\"1.1\",\"method\":\"GET\",\"url\":\"/alert_text\",\"urlParsed\":{\"anchor\":\"\",\"query\":\"\",\"file\":\"alert_text\",\"directory\":\"/\",\"path\":\"/alert_text\",\"relative\":\"/alert_text\",\"port\":\"\",\"host\":\"\",\"password\":\"\",\"user\":\"\",\"userInfo\":\"\",\"authority\":\"\",\"protocol\":\"\",\"source\":\"/alert_text\",\"queryKey\":{},\"chunks\":[\"alert_text\"]},\"urlOriginal\":\"/session/69ae7670-a396-11e3-a378-83cd4e2c0caf/alert_text\"}\n    at :/ghostdriver/request_handlers/session_request_handler.js:183\n    at :/ghostdriver/request_handlers/request_handler.js:61\n    at :/ghostdriver/request_handlers/router_request_handler.js:82",
  "stackArray": [
    {
      "sourceURL": ":/ghostdriver/request_handlers/session_request_handler.js",
      "line": 183
    },
    {
      "sourceURL": ":/ghostdriver/request_handlers/request_handler.js",
      "line": 61
    },
    {
      "sourceURL": ":/ghostdriver/request_handlers/router_request_handler.js",
      "line": 82
    }
  ]
}
[INFO  - 2014-03-04T12:13:40.341Z] ShutdownReqHand - _handle - About to shutdown
[INFO  - 2014-03-04T12:14:11.420Z] GhostDriver - Main - running on port 8743
[INFO  - 2014-03-04T12:14:12.295Z] Session [7f082930-a396-11e3-8cc4-8dbeb9ea9313] - CONSTRUCTOR - Desired Capabilities: {}
[INFO  - 2014-03-04T12:14:12.295Z] Session [7f082930-a396-11e3-8cc4-8dbeb9ea9313] - CONSTRUCTOR - Negotiated Capabilities: {"browserName":"phantomjs","version":"1.9.1","driverName":"ghostdriver","driverVersion":"1.0.3","platform":"windows-7-32bit","javascriptEnabled":true,"takesScreenshot":true,"handlesAlerts":false,"databaseEnabled":false,"locationContextEnabled":false,"applicationCacheEnabled":false,"browserConnectionEnabled":false,"cssSelectorsEnabled":true,"webStorageEnabled":false,"rotatable":false,"acceptSslCerts":false,"nativeEvents":true,"proxy":{"proxyType":"direct"}}
[INFO  - 2014-03-04T12:14:12.295Z] SessionManagerReqHand - _postNewSessionCommand - New Session Created: 7f082930-a396-11e3-8cc4-8dbeb9ea9313
[ERROR - 2014-03-04T12:14:34.938Z] RouterReqHand - _handle - Thrown => {
  "message": "Request => {\"headers\":{\"Accept\":\"application/json, image/png\",\"Cache-Control\":\"no-cache\",\"Connection\":\"Keep-Alive\",\"Host\":\"localhost:8743\"},\"httpVersion\":\"1.1\",\"method\":\"GET\",\"url\":\"/alert_text\",\"urlParsed\":{\"anchor\":\"\",\"query\":\"\",\"file\":\"alert_text\",\"directory\":\"/\",\"path\":\"/alert_text\",\"relative\":\"/alert_text\",\"port\":\"\",\"host\":\"\",\"password\":\"\",\"user\":\"\",\"userInfo\":\"\",\"authority\":\"\",\"protocol\":\"\",\"source\":\"/alert_text\",\"queryKey\":{},\"chunks\":[\"alert_text\"]},\"urlOriginal\":\"/session/7f082930-a396-11e3-8cc4-8dbeb9ea9313/alert_text\"}",
  "name": "Invalid Command Method",
  "line": 183,
  "sourceId": 145071648,
  "sourceURL": ":/ghostdriver/request_handlers/session_request_handler.js",
  "stack": "Invalid Command Method: Request => {\"headers\":{\"Accept\":\"application/json, image/png\",\"Cache-Control\":\"no-cache\",\"Connection\":\"Keep-Alive\",\"Host\":\"localhost:8743\"},\"httpVersion\":\"1.1\",\"method\":\"GET\",\"url\":\"/alert_text\",\"urlParsed\":{\"anchor\":\"\",\"query\":\"\",\"file\":\"alert_text\",\"directory\":\"/\",\"path\":\"/alert_text\",\"relative\":\"/alert_text\",\"port\":\"\",\"host\":\"\",\"password\":\"\",\"user\":\"\",\"userInfo\":\"\",\"authority\":\"\",\"protocol\":\"\",\"source\":\"/alert_text\",\"queryKey\":{},\"chunks\":[\"alert_text\"]},\"urlOriginal\":\"/session/7f082930-a396-11e3-8cc4-8dbeb9ea9313/alert_text\"}\n    at :/ghostdriver/request_handlers/session_request_handler.js:183\n    at :/ghostdriver/request_handlers/request_handler.js:61\n    at :/ghostdriver/request_handlers/router_request_handler.js:82",
  "stackArray": [
    {
      "sourceURL": ":/ghostdriver/request_handlers/session_request_handler.js",
      "line": 183
    },
    {
      "sourceURL": ":/ghostdriver/request_handlers/request_handler.js",
      "line": 61
    },
    {
      "sourceURL": ":/ghostdriver/request_handlers/router_request_handler.js",
      "line": 82
    }
  ]
}
[INFO  - 2014-03-04T12:14:35.396Z] ShutdownReqHand - _handle - About to shutdown
